
Objective =  [[482.]]
Constraints satisifed :  True
# Reads =  50
Time taken :  0.8606674671173096  sec

[[0 1 0 0 0 0 0 0 0 0 0]
 [0 0 0 0 0 0 0 0 0 1 0]
 [0 0 0 0 0 1 0 0 0 0 0]
 [0 0 0 0 1 0 0 0 0 0 0]
 [0 0 0 0 0 0 0 0 1 0 0]
 [0 0 0 0 0 0 0 0 0 0 1]
 [0 0 0 0 0 0 1 0 0 0 0]
 [0 0 0 1 0 0 0 0 0 0 0]
 [0 0 1 0 0 0 0 0 0 0 0]
 [1 0 0 0 0 0 0 0 0 0 0]
 [0 0 0 0 0 0 0 1 0 0 0]] 

1000000000000010000000000000010000010000000001000000000000000000100000000000100000000100000010000000000010000000000010000
-10.97480 Energy of solution
0 Number of Partitioned calls, 1 output sample 
 0.02100 seconds of classic cpu time
121 bits,  find Min, SubMatrix= 64, -a o, timeout=2592000.0 sec
0001000000000000001000100000000000010000000000000100000000000000010000001000000000000100000010000000000000001001000000000
-10.97520 Energy of solution
1 Number of Partitioned calls, 2 output sample 
 0.03000 seconds of classic cpu time
121 bits,  find Min, SubMatrix= 64, -a o, timeout=2592000.0 sec
0100000000000000000010000001000000000100000000000000100000000000010000001000000010000000001000000001000000000000000001000
-10.97590 Energy of solution
8 Number of Partitioned calls, 3 output sample 
 0.08000 seconds of classic cpu time

Objective =  [[482.]]
Constraints satisifed :  True
# Reads =  50
Time taken :  1.0001192092895508  sec

[[0 1 0 0 0 0 0 0 0 0 0]
 [0 0 0 0 0 0 0 0 0 1 0]
 [0 0 0 0 0 1 0 0 0 0 0]
 [0 0 0 0 1 0 0 0 0 0 0]
 [0 0 0 0 0 0 0 0 1 0 0]
 [0 0 0 0 0 0 0 0 0 0 1]
 [0 0 0 0 0 0 1 0 0 0 0]
 [0 0 0 1 0 0 0 0 0 0 0]
 [0 0 1 0 0 0 0 0 0 0 0]
 [1 0 0 0 0 0 0 0 0 0 0]
 [0 0 0 0 0 0 0 1 0 0 0]] 

0000100000000000100000000000100000001000000000000000010000000000011000000000000000001000010000000000000000010000100000000
-10.97420 Energy of solution
0 Number of Partitioned calls, 1 output sample 
 0.00300 seconds of classic cpu time
121 bits,  find Min, SubMatrix= 64, -a o, timeout=2592000.0 sec
0000100000000000100000100000000000001000000000000000010000000000010000001000000000001000010000000000000000010000100000000
-10.97450 Energy of solution
1 Number of Partitioned calls, 2 output sample 
 0.02100 seconds of classic cpu time
121 bits,  find Min, SubMatrix= 64, -a o, timeout=2592000.0 sec
0001000000000000000001000001000000000100000000000001000000000100000010000000000000000010100000000000000000010001000000000
-10.97470 Energy of solution
4 Number of Partitioned calls, 3 output sample 
 0.04200 seconds of classic cpu time
121 bits,  find Min, SubMatrix= 64, -a o, timeout=2592000.0 sec
0001000000000000000001000001000000000100000000000001000000000001000000001000000000000010100000000000010000000001000000000
-10.97510 Energy of solution
5 Number of Partitioned calls, 4 output sample 
 0.05300 seconds of classic cpu time
121 bits,  find Min, SubMatrix= 64, -a o, timeout=2592000.0 sec
0100000000000000000010000001000000000100000010000000000000000000010000000100000010000000001000000000000000010000000010000
-10.97570 Energy of solution
10 Number of Partitioned calls, 5 output sample 
 0.09600 seconds of classic cpu time
121 bits,  find Min, SubMatrix= 64, -a o, timeout=2592000.0 sec
0100000000000000000010000001000000000100000000000000100000000000010000001000000010000000001000000001000000000000000001000
-10.97590 Energy of solution
40 Number of Partitioned calls, 6 output sample 
 0.35600 seconds of classic cpu time

Objective =  [[482.]]
Constraints satisifed :  True
# Reads =  50
Time taken :  0.9235363006591797  sec

[[0 1 0 0 0 0 0 0 0 0 0]
 [0 0 0 0 0 0 0 0 0 1 0]
 [0 0 0 0 0 1 0 0 0 0 0]
 [0 0 0 0 1 0 0 0 0 0 0]
 [0 0 0 0 0 0 0 0 1 0 0]
 [0 0 0 0 0 0 0 0 0 0 1]
 [0 0 0 0 0 0 1 0 0 0 0]
 [0 0 0 1 0 0 0 0 0 0 0]
 [0 0 1 0 0 0 0 0 0 0 0]
 [1 0 0 0 0 0 0 0 0 0 0]
 [0 0 0 0 0 0 0 1 0 0 0]] 

0000000000100010000000000001000000000100000000000000100000000010000000001000000000000010001000000001000000000001000000000
-10.97500 Energy of solution
0 Number of Partitioned calls, 1 output sample 
 0.00900 seconds of classic cpu time
121 bits,  find Min, SubMatrix= 64, -a o, timeout=2592000.0 sec
0100000000000000000100001000000001000000000000000000010000000000010000000100000010000000000010000000000010000000000010000
-10.97510 Energy of solution
5 Number of Partitioned calls, 2 output sample 
 0.05000 seconds of classic cpu time
121 bits,  find Min, SubMatrix= 64, -a o, timeout=2592000.0 sec
0100000000000000000100100000000000010000000000000000010000000000010000001000000000001000000010000000000010000000010000000
-10.97520 Energy of solution
6 Number of Partitioned calls, 3 output sample 
 0.05700 seconds of classic cpu time
121 bits,  find Min, SubMatrix= 64, -a o, timeout=2592000.0 sec
0001000000000000001000100000000000010000000000000100000000000000010000001000000000000100000010000000000000001001000000000
-10.97520 Energy of solution
13 Number of Partitioned calls, 4 output sample 
 0.11900 seconds of classic cpu time
121 bits,  find Min, SubMatrix= 64, -a o, timeout=2592000.0 sec
1000000000000000001000010000000000010000000000010000000000000100000000000000100000000100000010000000000010000000000000010
-10.97540 Energy of solution
33 Number of Partitioned calls, 5 output sample 
 0.29800 seconds of classic cpu time
121 bits,  find Min, SubMatrix= 64, -a o, timeout=2592000.0 sec
0100000000000000000010000001000000000100000000000000100000000000010000001000000010000000001000000001000000000000000001000
-10.97590 Energy of solution
42 Number of Partitioned calls, 6 output sample 
 0.36400 seconds of classic cpu time
