Academic license - for non-commercial use only
Optimize a model with 24 rows, 144 columns and 288 nonzeros
Model has 5940 quadratic objective terms
Variable types: 0 continuous, 144 integer (0 binary)
Coefficient statistics:
  Matrix range     [1e+00, 1e+00]
  Objective range  [0e+00, 0e+00]
  QObjective range [4e+00, 2e+02]
  Bounds range     [1e+00, 1e+00]
  RHS range        [1e+00, 1e+00]
Found heuristic solution: objective 824.0000000
Presolve time: 0.00s
Presolved: 24 rows, 144 columns, 288 nonzeros
Presolved model has 6084 quadratic objective terms
Variable types: 0 continuous, 144 integer (144 binary)

Root relaxation: objective -4.344805e+03, 157 iterations, 0.01 seconds

    Nodes    |    Current Node    |     Objective Bounds      |     Work
 Expl Unexpl |  Obj  Depth IntInf | Incumbent    BestBd   Gap | It/Node Time

     0     0    0.00000    0  132  824.00000    0.00000   100%     -    0s
H    0     0                     800.0000000    0.00000   100%     -    0s
H    0     0                     724.0000000    0.00000   100%     -    0s
H    0     0                     700.0000000    0.00000   100%     -    0s
     0     0    0.00000    0  132  700.00000    0.00000   100%     -    0s
     0     2    0.00000    0  132  700.00000    0.00000   100%     -    0s
H   68    68                     680.0000000    0.00000   100%   4.3    0s
H   79    79                     674.0000000    0.00000   100%   4.2    0s
* 4164  2431              92     660.0000000   20.00000  97.0%  17.2    0s
H 4626  2569                     650.0000000   20.00000  96.9%  16.8    0s
H 4952  2729                     640.0000000   20.00000  96.9%  16.5    0s
H 5351  3002                     636.0000000   20.17061  96.8%  16.3    0s
* 8197  5206             110     634.0000000   35.14515  94.5%  15.7    1s
H26566 18171                     612.0000000   71.86620  88.3%  12.9    1s
 36216 24850  120.63695   81  141  612.00000   79.48085  87.0%  12.5    5s
H36301 23659                     604.0000000   89.04885  85.3%  12.4    9s
 36306 23663  337.31600   74  159  604.00000   89.08094  85.3%  12.4   10s
 36398 23724  414.23064   71  173  604.00000  140.13835  76.8%  12.4   15s
H36715 22724                     592.0000000  151.02292  74.5%  13.1   16s
 77759 35371  493.51573   89   30  592.00000  244.88610  58.6%  17.0   20s
 154318 69388  518.64607   95   27  592.00000  291.44082  50.8%  17.2   25s
 240557 114421  433.55898   89   53  592.00000  319.42034  46.0%  16.5   30s
 334806 159559  449.09998  102   45  592.00000  339.25033  42.7%  15.8   35s
 425942 200425  521.29063   84   40  592.00000  354.24632  40.2%  15.5   40s
 513573 238184  491.06808   98   26  592.00000  366.21376  38.1%  15.3   45s
 598364 273020 infeasible   90       592.00000  375.56797  36.6%  15.1   50s
 693577 310555  577.66662   80   34  592.00000  384.61445  35.0%  14.8   55s
 786298 345904  541.33727   98   23  592.00000  392.03168  33.8%  14.7   60s
 882294 380627     cutoff   95       592.00000  398.89284  32.6%  14.5   65s
*974742 409917              74     586.0000000  404.88805  30.9%  14.3   69s
 975077 409944  546.50772   84   42  586.00000  404.94807  30.9%  14.3   70s
 1072954 440646  515.50471   98   29  586.00000  410.74362  29.9%  14.2   75s
 1164289 468157 infeasible   86       586.00000  415.63910  29.1%  14.1   80s
 1261634 496067  522.45679   93   29  586.00000  420.48751  28.2%  14.0   85s
 1361651 523308  499.52750   93   32  586.00000  425.19106  27.4%  13.8   90s
 1456483 548334  573.10347   88   25  586.00000  429.21948  26.8%  13.8   95s
 1559155 574002  488.86990   94   37  586.00000  433.33122  26.1%  13.7  100s
*1605247 576286              86     578.0000000  435.10331  24.7%  13.6  102s
 1656435 586686     cutoff   93       578.00000  437.13923  24.4%  13.6  105s
 1750556 605220     cutoff   92       578.00000  440.71145  23.8%  13.5  110s
 1851006 623653     cutoff   94       578.00000  444.30987  23.1%  13.4  115s
 1948750 640125     cutoff   81       578.00000  447.66479  22.5%  13.4  120s
 2052590 656015 infeasible   84       578.00000  451.01334  22.0%  13.3  125s
 2148357 669596     cutoff   94       578.00000  453.93020  21.5%  13.2  130s
 2244656 681859     cutoff   80       578.00000  456.78232  21.0%  13.2  135s
 2349727 694010     cutoff   91       578.00000  459.79157  20.5%  13.1  140s
 2451416 704407  499.24337   79   33  578.00000  462.58411  20.0%  13.1  145s
 2555752 713937  566.17560   85   34  578.00000  465.31651  19.5%  13.0  150s
 2656630 721631     cutoff   86       578.00000  467.89866  19.0%  13.0  155s
 2762160 728515  521.77525   78   30  578.00000  470.51550  18.6%  12.9  160s
 2851894 732974  541.33834   78   34  578.00000  472.72222  18.2%  12.9  165s
 2958805 737483  554.06489   99   30  578.00000  475.27295  17.8%  12.9  170s
 3059255 740475  545.58733   86   29  578.00000  477.60698  17.4%  12.8  175s
 3165063 741774  535.38739   78   24  578.00000  480.04881  16.9%  12.8  180s
 3270327 742099  539.49897   93   34  578.00000  482.41716  16.5%  12.7  185s
 3369956 740196     cutoff  106       578.00000  484.71102  16.1%  12.7  190s
 3473389 737624  530.19043   78   29  578.00000  487.03238  15.7%  12.7  195s
 3567553 733715     cutoff   88       578.00000  489.13262  15.4%  12.7  200s
 3670713 727983  541.44225   88   28  578.00000  491.42795  15.0%  12.6  205s
 3769654 720419  549.59609   86   31  578.00000  493.63909  14.6%  12.6  210s
 3864380 711927 infeasible   87       578.00000  495.77548  14.2%  12.6  215s
 3961721 701256  533.53682   87   22  578.00000  497.97613  13.8%  12.6  220s
 4052388 689759  545.22547   88   33  578.00000  500.04458  13.5%  12.6  225s
 4145663 676382  574.29861   81   26  578.00000  502.17178  13.1%  12.5  230s
 4235577 662167 infeasible   92       578.00000  504.25989  12.8%  12.5  235s
 4321706 646801  559.72769   88   34  578.00000  506.30760  12.4%  12.5  240s
 4409135 629260  523.41236   78   27  578.00000  508.40718  12.0%  12.5  245s
 4501315 609242     cutoff   87       578.00000  510.65761  11.7%  12.5  250s
 4592709 587495  567.63751   87   24  578.00000  512.94839  11.3%  12.5  255s
 4677040 565180     cutoff   99       578.00000  515.11330  10.9%  12.5  260s
 4765439 539280  549.40410   80   29  578.00000  517.48107  10.5%  12.4  265s
 4854538 510541     cutoff   88       578.00000  519.94402  10.0%  12.4  270s
 4942979 479425 infeasible   91       578.00000  522.54941  9.59%  12.4  275s
 5026688 447128 infeasible   79       578.00000  525.13707  9.15%  12.4  280s
 5110998 411309     cutoff   74       578.00000  527.90028  8.67%  12.4  285s
 5196888 371685 infeasible   78       578.00000  530.86284  8.16%  12.4  290s
 5276187 332554  575.40018   85   27  578.00000  533.78575  7.65%  12.4  295s
 5362916 285444     cutoff   88       578.00000  537.32008  7.04%  12.4  300s
 5447692 235109     cutoff   81       578.00000  541.28535  6.35%  12.3  305s
 5522128 187231     cutoff   89       578.00000  545.27082  5.66%  12.3  310s
 5596240 135630     cutoff   88       578.00000  550.17220  4.81%  12.3  315s
 5682892 69771 infeasible   81       578.00000  558.25596  3.42%  12.3  320s

Cutting planes:
  Gomory: 3
  Implied bound: 60
  MIR: 23
  Flow cover: 92

Explored 5762722 nodes (70254430 simplex iterations) in 324.34 seconds
Thread count was 12 (of 12 available processors)

Solution count 10: 578 586 592 ... 660

Optimal solution found (tolerance 1.00e-04)
Best objective 5.780000000000e+02, best bound 5.780000000000e+02, gap 0.0000%
325.677088 seconds (1.15 M allocations: 53.796 MiB, 0.00% gc time)


 Solution : Optimal


Objective : 578.0
