Academic license - for non-commercial use only
Optimize a model with 22 rows, 121 columns and 242 nonzeros
Model has 4180 quadratic objective terms
Variable types: 0 continuous, 121 integer (0 binary)
Coefficient statistics:
  Matrix range     [1e+00, 1e+00]
  Objective range  [0e+00, 0e+00]
  QObjective range [4e+00, 2e+02]
  Bounds range     [1e+00, 1e+00]
  RHS range        [1e+00, 1e+00]
Found heuristic solution: objective 704.0000000
Presolve time: 0.00s
Presolved: 22 rows, 121 columns, 242 nonzeros
Presolved model has 4301 quadratic objective terms
Variable types: 0 continuous, 121 integer (121 binary)

Root relaxation: objective -3.344636e+03, 142 iterations, 0.00 seconds

    Nodes    |    Current Node    |     Objective Bounds      |     Work
 Expl Unexpl |  Obj  Depth IntInf | Incumbent    BestBd   Gap | It/Node Time

H    0     0                     676.0000000    0.00000   100%     -    0s
     0     0    0.00000    0  115  676.00000    0.00000   100%     -    0s
H    0     0                     668.0000000    0.00000   100%     -    0s
H    0     0                     614.0000000    0.00000   100%     -    0s
H    0     0                     598.0000000    0.00000   100%     -    0s
     0     0    0.00000    0  115  598.00000    0.00000   100%     -    0s
H    0     0                     588.0000000    0.00000   100%     -    0s
     0     2    0.00000    0  115  588.00000    0.00000   100%     -    0s
H   41    42                     580.0000000    0.00000   100%   4.3    0s
H   83    83                     566.0000000    0.00000   100%   3.2    0s
H  194   194                     542.0000000    0.00000   100%   4.0    0s
* 2401  1521              83     526.0000000   42.33333  92.0%  11.4    0s
H 5797  3167                     514.0000000   81.68449  84.1%   9.9    0s
H19449 11240                     512.0000000  113.89214  77.8%   9.0    1s
H19452 11238                     510.0000000  113.89214  77.7%   9.0    1s
 36065 19037  379.05599   80   69  510.00000  138.88965  72.8%   8.7    5s
 36181 19114  140.52174   56   80  510.00000  138.88965  72.8%   8.7   10s
H39184 19299                     508.0000000  138.88965  72.7%  10.4   13s
*48775 20949              90     506.0000000  168.68651  66.7%  11.5   13s
*55715 21570              79     502.0000000  190.15127  62.1%  11.9   13s
*67844 22666              73     496.0000000  211.11404  57.4%  12.3   14s
 87509 26251 infeasible   73       496.00000  239.06862  51.8%  12.5   15s
 213521 69100  433.64665   82   22  496.00000  323.14592  34.8%  11.8   20s
*298001 85378              82     490.0000000  352.68363  28.0%  11.5   23s
 344745 90952  409.54398   85   26  490.00000  365.85332  25.3%  11.4   25s
*429614 93406              77     482.0000000  384.58414  20.2%  11.1   28s
 481152 89201     cutoff   79       482.00000  396.73837  17.7%  11.0   30s
 600501 59855     cutoff   88       482.00000  427.32758  11.3%  11.0   35s

Cutting planes:
  Gomory: 1
  Implied bound: 8
  MIR: 19
  StrongCG: 1
  Flow cover: 63
  Inf proof: 17

Explored 693074 nodes (7488972 simplex iterations) in 39.86 seconds
Thread count was 12 (of 12 available processors)

Solution count 10: 482 490 496 ... 526

Optimal solution found (tolerance 1.00e-04)
Best objective 4.820000000000e+02, best bound 4.820000000000e+02, gap 0.0000%
 41.175460 seconds (1.11 M allocations: 52.860 MiB, 0.04% gc time)


 Solution : Optimal


Objective : 482.0
