
Objective =  [[1050.]]
Time taken :  1.1162712574005127  sec

Objective =  [[1044.]]
Time taken :  1.3319144248962402  sec

Objective =  [[1038.]]
Time taken :  1.3708159923553467  sec

Objective =  [[1048.]]
Time taken :  0.9792666435241699  sec

Objective =  [[1040.]]
Time taken :  1.009178638458252  sec

Objective =  [[1028.]]
Time taken :  1.2581772804260254  sec

Objective =  [[1042.]]
Time taken :  1.1602039337158203  sec

Objective =  [[1036.]]
Time taken :  1.1202278137207031  sec

Objective =  [[1034.]]
Time taken :  1.2069945335388184  sec

Objective =  [[1046.]]
Time taken :  1.0323424339294434  sec

Objective =  [[1024.]]
Time taken :  1.7940359115600586  sec

Objective =  [[1044.]]
Time taken :  1.1983466148376465  sec

Objective =  [[1036.]]
Time taken :  1.628955602645874  sec

Objective =  [[1042.]]
Time taken :  1.0500309467315674  sec

Objective =  [[1030.]]
# Reads =  100
Time taken :  1.5399694442749023  sec

Objective =  [[1044.]]
# Reads =  100
Time taken :  1.3592305183410645  sec

Objective =  [[1040.]]
# Reads =  100
Time taken :  1.511437177658081  sec

Objective =  [[1044.]]
Constraints satisifed :  True
# Reads =  50
Time taken :  1.2546601295471191  sec

[[0 0 0 0 0 0 0 1 0 0 0 0 0 0]
 [0 0 0 0 0 0 1 0 0 0 0 0 0 0]
 [0 0 1 0 0 0 0 0 0 0 0 0 0 0]
 [0 0 0 1 0 0 0 0 0 0 0 0 0 0]
 [0 0 0 0 0 0 0 0 0 1 0 0 0 0]
 [0 0 0 0 0 0 0 0 0 0 1 0 0 0]
 [0 0 0 0 0 0 0 0 1 0 0 0 0 0]
 [0 0 0 0 0 0 0 0 0 0 0 0 1 0]
 [0 1 0 0 0 0 0 0 0 0 0 0 0 0]
 [1 0 0 0 0 0 0 0 0 0 0 0 0 0]
 [0 0 0 0 0 0 0 0 0 0 0 1 0 0]
 [0 0 0 0 1 0 0 0 0 0 0 0 0 0]
 [0 0 0 0 0 0 0 0 0 0 0 0 0 1]
 [0 0 0 0 0 1 0 0 0 0 0 0 0 0]]

Objective =  [[1036.]]
Constraints satisifed :  True
# Reads =  50
Time taken :  1.4200923442840576  sec

[[0 0 0 0 0 0 0 0 1 0 0 0 0 0]
 [0 0 0 0 0 0 0 1 0 0 0 0 0 0]
 [0 0 0 0 0 0 0 0 0 0 0 0 1 0]
 [0 1 0 0 0 0 0 0 0 0 0 0 0 0]
 [1 0 0 0 0 0 0 0 0 0 0 0 0 0]
 [0 0 0 0 0 0 0 0 0 0 1 0 0 0]
 [0 0 0 0 1 0 0 0 0 0 0 0 0 0]
 [0 0 1 0 0 0 0 0 0 0 0 0 0 0]
 [0 0 0 0 0 0 0 0 0 0 0 0 0 1]
 [0 0 0 1 0 0 0 0 0 0 0 0 0 0]
 [0 0 0 0 0 0 0 0 0 0 0 1 0 0]
 [0 0 0 0 0 0 1 0 0 0 0 0 0 0]
 [0 0 0 0 0 0 0 0 0 1 0 0 0 0]
 [0 0 0 0 0 1 0 0 0 0 0 0 0 0]]

Objective =  [[1038.]]
Constraints satisifed :  True
# Reads =  50
Time taken :  1.175050973892212  sec

[[0 0 0 0 0 0 0 0 1 0 0 0 0 0]
 [0 0 0 0 0 0 0 1 0 0 0 0 0 0]
 [0 0 0 0 0 0 0 0 0 0 0 0 1 0]
 [0 1 0 0 0 0 0 0 0 0 0 0 0 0]
 [1 0 0 0 0 0 0 0 0 0 0 0 0 0]
 [0 0 0 0 0 0 0 0 0 0 1 0 0 0]
 [0 0 0 0 0 0 1 0 0 0 0 0 0 0]
 [0 0 0 0 0 0 0 0 0 0 0 0 0 1]
 [0 0 0 1 0 0 0 0 0 0 0 0 0 0]
 [0 0 0 0 0 1 0 0 0 0 0 0 0 0]
 [0 0 0 0 0 0 0 0 0 0 0 1 0 0]
 [0 0 0 0 1 0 0 0 0 0 0 0 0 0]
 [0 0 1 0 0 0 0 0 0 0 0 0 0 0]
 [0 0 0 0 0 0 0 0 0 1 0 0 0 0]]

Objective =  [[1020.]]
Constraints satisifed :  True
# Reads =  50
Time taken :  1.3404161930084229  sec

[[0 0 0 1 0 0 0 0 0 0 0 0 0 0]
 [0 0 0 0 0 0 0 0 0 0 0 0 0 1]
 [0 0 1 0 0 0 0 0 0 0 0 0 0 0]
 [0 0 0 0 1 0 0 0 0 0 0 0 0 0]
 [0 0 0 0 0 1 0 0 0 0 0 0 0 0]
 [0 1 0 0 0 0 0 0 0 0 0 0 0 0]
 [0 0 0 0 0 0 0 0 0 0 0 0 1 0]
 [0 0 0 0 0 0 0 1 0 0 0 0 0 0]
 [0 0 0 0 0 0 1 0 0 0 0 0 0 0]
 [0 0 0 0 0 0 0 0 0 1 0 0 0 0]
 [1 0 0 0 0 0 0 0 0 0 0 0 0 0]
 [0 0 0 0 0 0 0 0 1 0 0 0 0 0]
 [0 0 0 0 0 0 0 0 0 0 1 0 0 0]
 [0 0 0 0 0 0 0 0 0 0 0 1 0 0]] 

0000000000010000000000100000000000000010000000001000000010000000000000000001000000000000000000000100000001000000000000000000100100000000000000000000010000000010000000000010000000000000010000000000
-13.94620 Energy of solution
0 Number of Partitioned calls, 1 output sample 
 0.01500 seconds of classic cpu time
196 bits,  find Min, SubMatrix= 100, -a o, timeout=2592000.0 sec
0001000000000000000000000001001000000000000000001000000000000000010000010000000000000000000000001000000001000000000000000001000000010000000010000000000000000000000010000000000010000000001000000000
-13.94650 Energy of solution
2 Number of Partitioned calls, 2 output sample 
 0.03700 seconds of classic cpu time
196 bits,  find Min, SubMatrix= 100, -a o, timeout=2592000.0 sec
0001000000000000000000000001001000000000000000100000000000000100000000010000000000000000000000001000000001000000000000100000000000000001000010000000000000000000001000000000000000100000000000000100
-13.94900 Energy of solution
3 Number of Partitioned calls, 3 output sample 
 0.05900 seconds of classic cpu time

Objective =  [[1020.]]
Constraints satisifed :  True
# Reads =  50
Time taken :  1.5129611492156982  sec

[[0 0 0 1 0 0 0 0 0 0 0 0 0 0]
 [0 0 0 0 0 0 0 0 0 0 0 0 0 1]
 [0 0 1 0 0 0 0 0 0 0 0 0 0 0]
 [0 0 0 0 1 0 0 0 0 0 0 0 0 0]
 [0 0 0 0 0 1 0 0 0 0 0 0 0 0]
 [0 1 0 0 0 0 0 0 0 0 0 0 0 0]
 [0 0 0 0 0 0 0 0 0 0 0 0 1 0]
 [0 0 0 0 0 0 0 1 0 0 0 0 0 0]
 [0 0 0 0 0 0 1 0 0 0 0 0 0 0]
 [0 0 0 0 0 0 0 0 0 1 0 0 0 0]
 [1 0 0 0 0 0 0 0 0 0 0 0 0 0]
 [0 0 0 0 0 0 0 0 1 0 0 0 0 0]
 [0 0 0 0 0 0 0 0 0 0 1 0 0 0]
 [0 0 0 0 0 0 0 0 0 0 0 1 0 0]] 

1000000000000001000000000000000000000000100000000100000000000000100000000001000000000000000000000100000010000000000000000010000000100000000000000000010000000100000000000010000000000000000000000100
-13.94760 Energy of solution
0 Number of Partitioned calls, 1 output sample 
 0.01800 seconds of classic cpu time
196 bits,  find Min, SubMatrix= 100, -a o, timeout=2592000.0 sec
1000000000000001000000000000000000000000100000000000100000000000100000000001000000000000000000000100000010000000000000010000000000100000000000000000010000000100000000000010000000000000000000000100
-13.94770 Energy of solution
1 Number of Partitioned calls, 2 output sample 
 0.03400 seconds of classic cpu time
196 bits,  find Min, SubMatrix= 100, -a o, timeout=2592000.0 sec
0000000001000000000000000100001000000000000001000000000010000000000000000010000000000000001000000000000000000001000000000000100100000000000000000100000000000000010000000000000000100000000000100000
-13.94770 Energy of solution
13 Number of Partitioned calls, 3 output sample 
 0.22100 seconds of classic cpu time
196 bits,  find Min, SubMatrix= 100, -a o, timeout=2592000.0 sec
0000000001000000000010000000001000000000000001000000000010000000000000000001000000000000100000000000000000000001000000000000100100000000000000000000000100000000010000000000000000100000000000100000
-13.94830 Energy of solution
14 Number of Partitioned calls, 4 output sample 
 0.23800 seconds of classic cpu time
196 bits,  find Min, SubMatrix= 100, -a o, timeout=2592000.0 sec
0000000000010000000010000000001000000000000001000000000000000000010000000000000010000000100000000000000000000001100000000000000000010000000000000000100000000000010000000000000000001001000000000000
-13.94870 Energy of solution
18 Number of Partitioned calls, 5 output sample 
 0.30400 seconds of classic cpu time
196 bits,  find Min, SubMatrix= 100, -a o, timeout=2592000.0 sec
0001000000000000000000000001001000000000000000100000000000000100000000010000000000000000000000001000000001000000000000100000000000000001000010000000000000000000001000000000000000100000000000000100
-13.94900 Energy of solution
42 Number of Partitioned calls, 6 output sample 
 0.63300 seconds of classic cpu time

Objective =  [[1020.]]
Constraints satisifed :  True
# Reads =  50
Time taken :  1.6605610847473145  sec

[[0 0 0 1 0 0 0 0 0 0 0 0 0 0]
 [0 0 1 0 0 0 0 0 0 0 0 0 0 0]
 [0 0 0 0 0 0 0 0 0 0 0 0 0 1]
 [0 0 0 0 1 0 0 0 0 0 0 0 0 0]
 [0 0 0 0 0 0 0 0 0 1 0 0 0 0]
 [0 1 0 0 0 0 0 0 0 0 0 0 0 0]
 [0 0 0 0 0 0 0 0 0 0 0 0 1 0]
 [0 0 0 0 0 0 0 1 0 0 0 0 0 0]
 [0 0 0 0 0 0 1 0 0 0 0 0 0 0]
 [0 0 0 0 0 1 0 0 0 0 0 0 0 0]
 [1 0 0 0 0 0 0 0 0 0 0 0 0 0]
 [0 0 0 0 0 0 0 0 1 0 0 0 0 0]
 [0 0 0 0 0 0 0 0 0 0 1 0 0 0]
 [0 0 0 0 0 0 0 0 0 0 0 1 0 0]] 

1000000000000001000000000000000000000000010001000000000000000000010000000000000010000000000000001000000010000000001000000000000000010000000000000000100000000000010000000000000000010000001000000000
-13.94640 Energy of solution
0 Number of Partitioned calls, 1 output sample 
 0.01300 seconds of classic cpu time
196 bits,  find Min, SubMatrix= 100, -a o, timeout=2592000.0 sec
1000000000000001000000000000001000000000000001000000000000000000010000000000010000000000000000001000000000000001000000100000000000010000000000000000001000000000001000000000100000000000000000000100
-13.94850 Energy of solution
1 Number of Partitioned calls, 2 output sample 
 0.03500 seconds of classic cpu time
196 bits,  find Min, SubMatrix= 100, -a o, timeout=2592000.0 sec
0001000000000000100000000000000000000000010000100000000000000000010000010000000000000000000000001000000001000000000000100000000000010000000010000000000000000000001000000000000000100000000000000100
-13.94900 Energy of solution
48 Number of Partitioned calls, 3 output sample 
 0.72400 seconds of classic cpu time

Objective =  [[1014.]]
Constraints satisifed :  True
# Reads =  50
Time taken :  1.6296138763427734  sec

[[0 0 0 0 0 0 0 0 1 0 0 0 0 0]
 [0 0 0 0 0 0 0 1 0 0 0 0 0 0]
 [0 0 0 0 0 0 0 0 0 0 0 0 1 0]
 [0 1 0 0 0 0 0 0 0 0 0 0 0 0]
 [1 0 0 0 0 0 0 0 0 0 0 0 0 0]
 [0 0 0 0 0 0 0 0 0 0 1 0 0 0]
 [0 0 0 0 0 0 1 0 0 0 0 0 0 0]
 [0 0 0 0 0 0 0 0 0 0 0 0 0 1]
 [0 0 1 0 0 0 0 0 0 0 0 0 0 0]
 [0 0 0 1 0 0 0 0 0 0 0 0 0 0]
 [0 0 0 0 0 0 0 0 0 0 0 1 0 0]
 [0 0 0 0 1 0 0 0 0 0 0 0 0 0]
 [0 0 0 0 0 1 0 0 0 0 0 0 0 0]
 [0 0 0 0 0 0 0 0 0 1 0 0 0 0]] 

0000000000010000000001000000000000100000000000100000000000000000010000000000001000000000000000100000000000000001001000000000000000010000000000000000000010100000000000000100000000000000010000000000
-13.94550 Energy of solution
0 Number of Partitioned calls, 1 output sample 
 0.00900 seconds of classic cpu time
196 bits,  find Min, SubMatrix= 120, -a o, timeout=2592000.0 sec
0000000000100000000001000000000000100000000000100000000000000100000000000000001000000000000000001000100000000000000000000001000000000001000010000000000000010000000000000001000000000000000000000001
-13.94790 Energy of solution
1 Number of Partitioned calls, 2 output sample 
 0.02300 seconds of classic cpu time
196 bits,  find Min, SubMatrix= 120, -a o, timeout=2592000.0 sec
0000000000100000000001000000000000100000000000100000000000000000000100000000001000000000000000001000100000000000000000000000010000000001000010000000000000010000000000000001000000000000000100000000
-13.94820 Energy of solution
2 Number of Partitioned calls, 3 output sample 
 0.04100 seconds of classic cpu time
196 bits,  find Min, SubMatrix= 120, -a o, timeout=2592000.0 sec
0000000001000000000100000000000000100000000000100000000000000000000100000100000000000000000000000100100000000000000000010000000000000000100010000000000000010000000000000000000000001000000000100000
-13.94820 Energy of solution
8 Number of Partitioned calls, 4 output sample 
 0.15900 seconds of classic cpu time
196 bits,  find Min, SubMatrix= 120, -a o, timeout=2592000.0 sec
0000000001000000000100000000000000100000000000100000000000000000000100000100000000000010000000000000000000000001000000010000000000000000100010000000000000010000000000000000000000001000000000100000
-13.94850 Energy of solution
9 Number of Partitioned calls, 5 output sample 
 0.17300 seconds of classic cpu time
196 bits,  find Min, SubMatrix= 120, -a o, timeout=2592000.0 sec
0001000000000000100000000000000000000000010000100000000000000100000000010000000000000000000000001000000001000000000000100000000000000001000010000000000000000000001000000000000000100000000000000100
-13.94910 Energy of solution
20 Number of Partitioned calls, 6 output sample 
 0.32500 seconds of classic cpu time
196 bits,  find Min, SubMatrix= 120, -a o, timeout=2592000.0 sec
0000000010000000000001000000000000000000100100000000000010000000000000000000000010000000001000000000000000000001001000000000000001000000000000000000000100000010000000000000010000000000000000010000
-13.94930 Energy of solution
30 Number of Partitioned calls, 7 output sample 
 0.49000 seconds of classic cpu time

Objective =  [[1014.]]
Constraints satisifed :  True
# Reads =  50
Time taken :  1.7952005863189697  sec

[[0 0 0 0 0 0 0 0 1 0 0 0 0 0]
 [0 0 0 0 0 0 0 1 0 0 0 0 0 0]
 [0 0 0 0 0 0 0 0 0 0 0 0 1 0]
 [0 1 0 0 0 0 0 0 0 0 0 0 0 0]
 [1 0 0 0 0 0 0 0 0 0 0 0 0 0]
 [0 0 0 0 0 0 0 0 0 0 1 0 0 0]
 [0 0 0 0 0 0 1 0 0 0 0 0 0 0]
 [0 0 0 0 0 0 0 0 0 0 0 0 0 1]
 [0 0 1 0 0 0 0 0 0 0 0 0 0 0]
 [0 0 0 1 0 0 0 0 0 0 0 0 0 0]
 [0 0 0 0 0 0 0 0 0 0 0 1 0 0]
 [0 0 0 0 1 0 0 0 0 0 0 0 0 0]
 [0 0 0 0 0 1 0 0 0 0 0 0 0 0]
 [0 0 0 0 0 0 0 0 0 1 0 0 0 0]] 

0000000000100000000010000000010000000000000001000000000000000000000001000000001000000000000100000000000000000010001000000000000000010000000000000000000100000010000000001000000000000000000000010000
-13.94530 Energy of solution
0 Number of Partitioned calls, 1 output sample 
 0.00800 seconds of classic cpu time
196 bits,  find Min, SubMatrix= 120, -a o, timeout=2592000.0 sec
0000000000100000000001000000010000000000001000000000000000000000010000000000001000000000001000000000000000000010001000000000000000010000000000000000000100000010000000000000000000000100010000000000
-13.94790 Energy of solution
1 Number of Partitioned calls, 2 output sample 
 0.02100 seconds of classic cpu time
196 bits,  find Min, SubMatrix= 120, -a o, timeout=2592000.0 sec
0001000000000000100000000000000000100000000000000000010000000000010000010000000000000000000000001000000001000000000000000000010000010000000010000000000000000000001000000000000000100000001000000000
-13.94820 Energy of solution
10 Number of Partitioned calls, 3 output sample 
 0.15800 seconds of classic cpu time
196 bits,  find Min, SubMatrix= 120, -a o, timeout=2592000.0 sec
0001000000000000100000000000000000100000000000100000000000000000010000010000000000000000000000001000000001000000000000000000010000010000000010000000000000000000001000000000000000100000000000000100
-13.94860 Energy of solution
11 Number of Partitioned calls, 4 output sample 
 0.17500 seconds of classic cpu time
196 bits,  find Min, SubMatrix= 120, -a o, timeout=2592000.0 sec
0001000000000000100000000000000000000000010000000001000000000100000000010000000000000000000000001000000001000000000000100000000000100000000010000000000000000000001000000000000000100000000000000100
-13.94890 Energy of solution
12 Number of Partitioned calls, 5 output sample 
 0.19900 seconds of classic cpu time
196 bits,  find Min, SubMatrix= 120, -a o, timeout=2592000.0 sec
0001000000000000100000000000000000000000010000100000000000000100000000010000000000000000000000001000000001000000000000100000000000000001000010000000000000000000001000000000000000100000000000000100
-13.94910 Energy of solution
13 Number of Partitioned calls, 6 output sample 
 0.20900 seconds of classic cpu time
196 bits,  find Min, SubMatrix= 120, -a o, timeout=2592000.0 sec
0000000010000000000001000000000000000000100100000000000010000000000000000000000010000000001000000000000000000001001000000000000001000000000000000000000100000010000000000000010000000000000000010000
-13.94930 Energy of solution
38 Number of Partitioned calls, 7 output sample 
 0.63800 seconds of classic cpu time

Objective =  [[1014.]]
Constraints satisifed :  True
# Reads =  50
Time taken :  1.5957210063934326  sec

[[0 0 0 0 0 0 0 0 1 0 0 0 0 0]
 [0 0 0 0 0 0 0 1 0 0 0 0 0 0]
 [0 0 0 0 0 0 0 0 0 0 0 0 1 0]
 [0 1 0 0 0 0 0 0 0 0 0 0 0 0]
 [1 0 0 0 0 0 0 0 0 0 0 0 0 0]
 [0 0 0 0 0 0 0 0 0 0 1 0 0 0]
 [0 0 0 0 0 0 1 0 0 0 0 0 0 0]
 [0 0 0 0 0 0 0 0 0 0 0 0 0 1]
 [0 0 1 0 0 0 0 0 0 0 0 0 0 0]
 [0 0 0 1 0 0 0 0 0 0 0 0 0 0]
 [0 0 0 0 0 0 0 0 0 0 0 1 0 0]
 [0 0 0 0 1 0 0 0 0 0 0 0 0 0]
 [0 0 0 0 0 1 0 0 0 0 0 0 0 0]
 [0 0 0 0 0 0 0 0 0 1 0 0 0 0]] 

0000000000010000000000100000000000000000100100000000000010000000000000000000100000000000100000000000000000000001000001000000000000000001000000000000001000000000010000000010000000000000010000000000
-13.94660 Energy of solution
0 Number of Partitioned calls, 1 output sample 
 0.01500 seconds of classic cpu time
196 bits,  find Min, SubMatrix= 120, -a o, timeout=2592000.0 sec
0001000000000000000000000001001000000000000000100000000000000000010000010000000000000000000000001000000010000000000000010000000000010000000010000000000000000000001000000000000000100000000000000100
-13.94760 Energy of solution
1 Number of Partitioned calls, 2 output sample 
 0.02600 seconds of classic cpu time
196 bits,  find Min, SubMatrix= 120, -a o, timeout=2592000.0 sec
0001000000000000000000000001001000000000000000100000000000000100000000010000000000000000000000001000000001000000000000100000000000000001000010000000000000000000001000000000000000100000000000000100
-13.94900 Energy of solution
2 Number of Partitioned calls, 3 output sample 
 0.05200 seconds of classic cpu time
196 bits,  find Min, SubMatrix= 120, -a o, timeout=2592000.0 sec
0000000010000000000001000000000000000000100100000000000010000000000000000000000010000000001000000000000000000001001000000000000001000000000000000000000100000010000000000000010000000000000000010000
-13.94930 Energy of solution
5 Number of Partitioned calls, 4 output sample 
 0.10500 seconds of classic cpu time
