
Objective =  [[582.]]
Constraints satisifed :  True
# Reads =  50
Time taken :  1.2645998001098633  sec

[[0 0 1 0 0 0 0 0 0 0 0 0]
 [0 0 0 0 0 0 1 0 0 0 0 0]
 [0 0 0 0 0 0 0 0 1 0 0 0]
 [0 0 0 0 0 0 0 0 0 0 0 1]
 [1 0 0 0 0 0 0 0 0 0 0 0]
 [0 0 0 0 0 0 0 1 0 0 0 0]
 [0 0 0 0 0 0 0 0 0 0 1 0]
 [0 0 0 1 0 0 0 0 0 0 0 0]
 [0 1 0 0 0 0 0 0 0 0 0 0]
 [0 0 0 0 0 0 0 0 0 1 0 0]
 [0 0 0 0 0 1 0 0 0 0 0 0]
 [0 0 0 0 1 0 0 0 0 0 0 0]] 

100000000000000000100000000000010000000100000000001000000000000000001000000000000010000000000001010000000000000000000100000001000000000010000000
-11.97020 Energy of solution
0 Number of Partitioned calls, 1 output sample 
 0.01500 seconds of classic cpu time
144 bits,  find Min, SubMatrix= 64, -a o, timeout=2592000.0 sec
100000000000000000010000000000100000000100000000001000000000000000000010000000001000000000000001010000000000000000000100000001000000000010000000
-11.97040 Energy of solution
2 Number of Partitioned calls, 2 output sample 
 0.02200 seconds of classic cpu time
144 bits,  find Min, SubMatrix= 64, -a o, timeout=2592000.0 sec
100000000000000000010000000000100000000100000000001000000000000000000010000000001000000000000001010000000000000000000100000001000000000010000000
-11.97040 Energy of solution
10 Number of Partitioned calls, 3 output sample 
 0.08800 seconds of classic cpu time
144 bits,  find Min, SubMatrix= 64, -a o, timeout=2592000.0 sec
010000000000000000000100000001000000000010000000000000001000000000000010000000100000000000000001001000000000100000000000000000010000000100000000
-11.97050 Energy of solution
20 Number of Partitioned calls, 4 output sample 
 0.16600 seconds of classic cpu time
144 bits,  find Min, SubMatrix= 64, -a o, timeout=2592000.0 sec
000000000001000000010000000100000000000010000000000000001000000000100000000000000010000001000000001000000000100000000000010000000000000000000100
-11.97070 Energy of solution
30 Number of Partitioned calls, 5 output sample 
 0.23500 seconds of classic cpu time
144 bits,  find Min, SubMatrix= 64, -a o, timeout=2592000.0 sec
001000000000000000100000000000001000000000000001100000000000000000010000000000000010000100000000010000000000000000000100000001000000000010000000
-11.97090 Energy of solution
44 Number of Partitioned calls, 6 output sample 
 0.33100 seconds of classic cpu time
144 bits,  find Min, SubMatrix= 64, -a o, timeout=2592000.0 sec
000010000000000001000000000000000100010000000000000100000000000000000010000000010000100000000000000000000001000000001000000000100000001000000000
-11.97090 Energy of solution
52 Number of Partitioned calls, 7 output sample 
 0.37700 seconds of classic cpu time
144 bits,  find Min, SubMatrix= 64, -a o, timeout=2592000.0 sec
001000000000000000100000000000001000000000000001100000000000000000010000000000000010000100000000010000000000000000000100000001000000000010000000
-11.97090 Energy of solution
148 Number of Partitioned calls, 8 output sample 
 1.03000 seconds of classic cpu time

Objective =  [[578.]]
Constraints satisifed :  True
# Reads =  50
Time taken :  1.1927783489227295  sec

[[0 0 1 0 0 0 0 0 0 0 0 0]
 [0 0 0 0 0 0 0 0 1 0 0 0]
 [0 0 0 0 0 0 1 0 0 0 0 0]
 [0 0 0 0 0 0 0 0 0 0 0 1]
 [1 0 0 0 0 0 0 0 0 0 0 0]
 [0 0 0 0 0 0 0 0 0 0 1 0]
 [0 0 0 0 0 0 0 1 0 0 0 0]
 [0 0 0 1 0 0 0 0 0 0 0 0]
 [0 1 0 0 0 0 0 0 0 0 0 0]
 [0 0 0 0 0 0 0 0 0 1 0 0]
 [0 0 0 0 0 1 0 0 0 0 0 0]
 [0 0 0 0 1 0 0 0 0 0 0 0]] 

000010000000000001000000000000010000000000100000000000000100000100000000000000000010000000000001010000000000100000000000001000000000000000001000
-11.96950 Energy of solution
0 Number of Partitioned calls, 1 output sample 
 0.00600 seconds of classic cpu time
144 bits,  find Min, SubMatrix= 64, -a o, timeout=2592000.0 sec
000000000001000000010000000100000000000010000000000000001000000000100000000000000010000001000000001000000000100000000000010000000000000000000100
-11.97070 Energy of solution
6 Number of Partitioned calls, 2 output sample 
 0.04100 seconds of classic cpu time
144 bits,  find Min, SubMatrix= 64, -a o, timeout=2592000.0 sec
010000000000000000000100000001000000000010000000100000000000000000000010000000010000000100000000001000000000000000001000000000100000000000000001
-11.97110 Energy of solution
46 Number of Partitioned calls, 3 output sample 
 0.28300 seconds of classic cpu time
144 bits,  find Min, SubMatrix= 64, -a o, timeout=2592000.0 sec
001000000000000000001000000000100000000000000001100000000000000000000010000000010000000100000000010000000000000000000100000001000000000010000000
-11.97110 Energy of solution
184 Number of Partitioned calls, 4 output sample 
 1.08100 seconds of classic cpu time

Objective =  [[582.]]
Constraints satisifed :  True
# Reads =  50
Time taken :  1.3493640422821045  sec

[[0 1 0 0 0 0 0 0 0 0 0 0]
 [0 0 0 0 0 0 0 0 0 1 0 0]
 [0 0 0 0 0 1 0 0 0 0 0 0]
 [0 0 0 0 1 0 0 0 0 0 0 0]
 [1 0 0 0 0 0 0 0 0 0 0 0]
 [0 0 0 0 0 0 0 1 0 0 0 0]
 [0 0 0 0 0 0 0 0 0 0 1 0]
 [0 0 0 1 0 0 0 0 0 0 0 0]
 [0 0 1 0 0 0 0 0 0 0 0 0]
 [0 0 0 0 0 0 1 0 0 0 0 0]
 [0 0 0 0 0 0 0 0 1 0 0 0]
 [0 0 0 0 0 0 0 0 0 0 0 1]] 

000000000100000000000010010000000000001000000000000001000000000000100000000000010000000000001000000010000000000100000000100000000000000000000001
-11.96930 Energy of solution
0 Number of Partitioned calls, 1 output sample 
 0.00900 seconds of classic cpu time
144 bits,  find Min, SubMatrix= 64, -a o, timeout=2592000.0 sec
000000000100100000000000010000000000001000000000000001000000000000010000000000100000000000001000000010000000000100000000000000000010000000000001
-11.97010 Energy of solution
2 Number of Partitioned calls, 2 output sample 
 0.01900 seconds of classic cpu time
144 bits,  find Min, SubMatrix= 64, -a o, timeout=2592000.0 sec
000010000000000001000000000000000100010000000000000000000001000000100000000000000010000000001000000100000000000000010000100000000000001000000000
-11.97050 Energy of solution
14 Number of Partitioned calls, 3 output sample 
 0.08900 seconds of classic cpu time
144 bits,  find Min, SubMatrix= 64, -a o, timeout=2592000.0 sec
010000000000100000000000000000010000001000000000000000000100000000100000000000000010000000001000000010000000000001000000000100000000000000000001
-11.97070 Energy of solution
18 Number of Partitioned calls, 4 output sample 
 0.10900 seconds of classic cpu time
144 bits,  find Min, SubMatrix= 64, -a o, timeout=2592000.0 sec
001000000000000000010000100000000000010000000000000000001000000000000010000000100000000000000100000000000001000100000000000001000000000010000000
-11.97070 Energy of solution
26 Number of Partitioned calls, 5 output sample 
 0.15200 seconds of classic cpu time
144 bits,  find Min, SubMatrix= 64, -a o, timeout=2592000.0 sec
001000000000000000010000100000000000010000000000000000001000000000000010000000100000000000000100000000000001000100000000000001000000000010000000
-11.97070 Energy of solution
28 Number of Partitioned calls, 6 output sample 
 0.16200 seconds of classic cpu time
144 bits,  find Min, SubMatrix= 64, -a o, timeout=2592000.0 sec
010000000000000000000100000001000000000010000000100000000000000000010000000000100000000100000000001000000000000000000010000000001000000000000001
-11.97070 Energy of solution
46 Number of Partitioned calls, 7 output sample 
 0.26500 seconds of classic cpu time
144 bits,  find Min, SubMatrix= 64, -a o, timeout=2592000.0 sec
010000000000000000000100000001000000000010000000100000000000000000010000000000000010000100000000001000000000000000100000000000001000000000000001
-11.97090 Energy of solution
98 Number of Partitioned calls, 8 output sample 
 0.56300 seconds of classic cpu time

Objective =  [[578.]]
Constraints satisifed :  True
# Reads =  50
Time taken :  1.9068715572357178  sec

[[0 1 0 0 0 0 0 0 0 0 0 0]
 [0 0 0 0 0 0 0 0 0 1 0 0]
 [0 0 0 0 0 1 0 0 0 0 0 0]
 [0 0 0 0 1 0 0 0 0 0 0 0]
 [1 0 0 0 0 0 0 0 0 0 0 0]
 [0 0 0 0 0 0 0 0 0 0 1 0]
 [0 0 0 0 0 0 0 1 0 0 0 0]
 [0 0 0 1 0 0 0 0 0 0 0 0]
 [0 0 1 0 0 0 0 0 0 0 0 0]
 [0 0 0 0 0 0 0 0 1 0 0 0]
 [0 0 0 0 0 0 1 0 0 0 0 0]
 [0 0 0 0 0 0 0 0 0 0 0 1]] 

000000000100010000000000001000000000000000001000000001000000000000100000000000010000000000000010000010000000100000000000000100000000000000000001
-11.96980 Energy of solution
0 Number of Partitioned calls, 1 output sample 
 0.01400 seconds of classic cpu time
144 bits,  find Min, SubMatrix= 64, -a o, timeout=2592000.0 sec
010000000000000000000100000010000000000001000000001000000000000000100000000000000010000000001000100000000000000000010000000100000000000000000001
-11.96990 Energy of solution
6 Number of Partitioned calls, 2 output sample 
 0.04500 seconds of classic cpu time
144 bits,  find Min, SubMatrix= 64, -a o, timeout=2592000.0 sec
010000000000000000000100000001000000000010000000001000000000000000100000000000000010000000001000100000000000000000010000000100000000000000000001
-11.97040 Energy of solution
8 Number of Partitioned calls, 3 output sample 
 0.04900 seconds of classic cpu time
144 bits,  find Min, SubMatrix= 64, -a o, timeout=2592000.0 sec
010000000000000000000100000001000000000010000000001000000000000000001000000000100000000000000001100000000000000000000010000000010000000100000000
-11.97060 Energy of solution
54 Number of Partitioned calls, 4 output sample 
 0.32000 seconds of classic cpu time
144 bits,  find Min, SubMatrix= 64, -a o, timeout=2592000.0 sec
001000000000000000000010000000001000000000000001100000000000000000010000000000100000000100000000010000000000000000000100000001000000000010000000
-11.97070 Energy of solution
56 Number of Partitioned calls, 5 output sample 
 0.33200 seconds of classic cpu time
144 bits,  find Min, SubMatrix= 64, -a o, timeout=2592000.0 sec
001000000000000000000010000000001000000000000001100000000000000000010000000000100000000100000000010000000000000000000100000001000000000010000000
-11.97070 Energy of solution
96 Number of Partitioned calls, 6 output sample 
 0.58600 seconds of classic cpu time
144 bits,  find Min, SubMatrix= 64, -a o, timeout=2592000.0 sec
001000000000000000000010000000001000000000000001100000000000000000010000000000100000000100000000010000000000000000000100000001000000000010000000
-11.97070 Energy of solution
100 Number of Partitioned calls, 7 output sample 
 0.60600 seconds of classic cpu time
144 bits,  find Min, SubMatrix= 64, -a o, timeout=2592000.0 sec
000000000001000000100000000000001000001000000000000100000000000000010000000000000010100000000000000010000000000001000000000000000100010000000000
-11.97110 Energy of solution
156 Number of Partitioned calls, 8 output sample 
 0.92300 seconds of classic cpu time
144 bits,  find Min, SubMatrix= 64, -a o, timeout=2592000.0 sec
010000000000000000000100000001000000000010000000100000000000000000000010000000010000000100000000001000000000000000001000000000100000000000000001
-11.97110 Energy of solution
224 Number of Partitioned calls, 9 output sample 
 1.31900 seconds of classic cpu time

Objective =  [[578.]]
Constraints satisifed :  True
# Reads =  50
Time taken :  1.2675824165344238  sec

[[0 1 0 0 0 0 0 0 0 0 0 0]
 [0 0 0 0 0 0 0 0 0 1 0 0]
 [0 0 0 0 0 1 0 0 0 0 0 0]
 [0 0 0 0 1 0 0 0 0 0 0 0]
 [1 0 0 0 0 0 0 0 0 0 0 0]
 [0 0 0 0 0 0 0 0 0 0 1 0]
 [0 0 0 0 0 0 0 1 0 0 0 0]
 [0 0 0 1 0 0 0 0 0 0 0 0]
 [0 0 1 0 0 0 0 0 0 0 0 0]
 [0 0 0 0 0 0 0 0 1 0 0 0]
 [0 0 0 0 0 0 1 0 0 0 0 0]
 [0 0 0 0 0 0 0 0 0 0 0 1]] 

001000000000000000000001000000001000010000000000000000010000000000100000000000000010000000000100100000000000000100000000000001000000000010000000
-11.97020 Energy of solution
0 Number of Partitioned calls, 1 output sample 
 0.00800 seconds of classic cpu time
144 bits,  find Min, SubMatrix= 64, -a o, timeout=2592000.0 sec
000010000000000001000000000000000100010000000000000000000001000000100000000000001000001000000000000100000000000000010000000000000010100000000000
-11.97060 Energy of solution
6 Number of Partitioned calls, 2 output sample 
 0.05400 seconds of classic cpu time
144 bits,  find Min, SubMatrix= 64, -a o, timeout=2592000.0 sec
000010000000000001000000000000000100010000000000000100000000000000010000000000000010100000000000000000000001000000100000000000001000001000000000
-11.97110 Energy of solution
50 Number of Partitioned calls, 3 output sample 
 0.34900 seconds of classic cpu time
144 bits,  find Min, SubMatrix= 64, -a o, timeout=2592000.0 sec
010000000000000000000100000001000000000010000000100000000000000000000010000000010000000100000000001000000000000000001000000000100000000000000001
-11.97110 Energy of solution
62 Number of Partitioned calls, 4 output sample 
 0.42200 seconds of classic cpu time

Objective =  [[578.]]
Constraints satisifed :  True
# Reads =  50
Time taken :  1.344377040863037  sec

[[0 1 0 0 0 0 0 0 0 0 0 0]
 [0 0 0 0 0 0 0 0 0 1 0 0]
 [0 0 0 0 0 1 0 0 0 0 0 0]
 [0 0 0 0 1 0 0 0 0 0 0 0]
 [1 0 0 0 0 0 0 0 0 0 0 0]
 [0 0 0 0 0 0 0 0 0 0 1 0]
 [0 0 0 0 0 0 0 1 0 0 0 0]
 [0 0 0 1 0 0 0 0 0 0 0 0]
 [0 0 1 0 0 0 0 0 0 0 0 0]
 [0 0 0 0 0 0 0 0 1 0 0 0]
 [0 0 0 0 0 0 1 0 0 0 0 0]
 [0 0 0 0 0 0 0 0 0 0 0 1]] 

000000000001000000000010000000001000001000000000000100000000000000100000000000010000100000000000000010000000000001000000000000000100010000000000
-11.97040 Energy of solution
0 Number of Partitioned calls, 1 output sample 
 0.00400 seconds of classic cpu time
144 bits,  find Min, SubMatrix= 100, -a o, timeout=2592000.0 sec
000000000001000000001000000000000010001000000000000100000000000000100000000000010000100000000000000010000000000001000000000000000100010000000000
-11.97070 Energy of solution
1 Number of Partitioned calls, 2 output sample 
 0.02000 seconds of classic cpu time
144 bits,  find Min, SubMatrix= 100, -a o, timeout=2592000.0 sec
000000000001000000100000000000001000001000000000000100000000000000010000000000000010100000000000000010000000000001000000000000000100010000000000
-11.97110 Energy of solution
2 Number of Partitioned calls, 3 output sample 
 0.04000 seconds of classic cpu time
144 bits,  find Min, SubMatrix= 100, -a o, timeout=2592000.0 sec
001000000000000000001000000000100000000000000001100000000000000000000010000000010000000100000000010000000000000000000100000001000000000010000000
-11.97110 Energy of solution
13 Number of Partitioned calls, 4 output sample 
 0.19600 seconds of classic cpu time
144 bits,  find Min, SubMatrix= 100, -a o, timeout=2592000.0 sec
001000000000000000001000000000100000000000000001100000000000000000000010000000010000000100000000010000000000000000000100000001000000000010000000
-11.97110 Energy of solution
42 Number of Partitioned calls, 5 output sample 
 0.62600 seconds of classic cpu time

Objective =  [[578.]]
Constraints satisifed :  True
# Reads =  50
Time taken :  1.3344299793243408  sec

[[0 0 1 0 0 0 0 0 0 0 0 0]
 [0 0 0 0 0 0 0 0 1 0 0 0]
 [0 0 0 0 0 0 1 0 0 0 0 0]
 [0 0 0 0 0 0 0 0 0 0 0 1]
 [1 0 0 0 0 0 0 0 0 0 0 0]
 [0 0 0 0 0 0 0 0 0 0 1 0]
 [0 0 0 0 0 0 0 1 0 0 0 0]
 [0 0 0 1 0 0 0 0 0 0 0 0]
 [0 1 0 0 0 0 0 0 0 0 0 0]
 [0 0 0 0 0 0 0 0 0 1 0 0]
 [0 0 0 0 0 1 0 0 0 0 0 0]
 [0 0 0 0 1 0 0 0 0 0 0 0]] 

001000000000000000000001000000001000010000000000000000010000000000100000000000000010000000000100100000000000000100000000000010000000000001000000
-11.96970 Energy of solution
0 Number of Partitioned calls, 1 output sample 
 0.00900 seconds of classic cpu time
144 bits,  find Min, SubMatrix= 100, -a o, timeout=2592000.0 sec
001000000000000000000010000000001000000000000001100000000000000000010000000000100000000100000000010000000000000000000100000001000000000010000000
-11.97070 Energy of solution
1 Number of Partitioned calls, 2 output sample 
 0.02500 seconds of classic cpu time
144 bits,  find Min, SubMatrix= 100, -a o, timeout=2592000.0 sec
001000000000000000001000000000100000000000000001100000000000000000000010000000010000000100000000010000000000000000000100000001000000000010000000
-11.97110 Energy of solution
2 Number of Partitioned calls, 3 output sample 
 0.03700 seconds of classic cpu time
144 bits,  find Min, SubMatrix= 100, -a o, timeout=2592000.0 sec
001000000000000000001000000000100000000000000001100000000000000000000010000000010000000100000000010000000000000000000100000001000000000010000000
-11.97110 Energy of solution
60 Number of Partitioned calls, 4 output sample 
 0.94900 seconds of classic cpu time

Objective =  [[578.]]
Constraints satisifed :  True
# Reads =  50
Time taken :  1.4172043800354004  sec

[[0 1 0 0 0 0 0 0 0 0 0 0]
 [0 0 0 0 0 0 0 0 0 1 0 0]
 [0 0 0 0 0 1 0 0 0 0 0 0]
 [0 0 0 0 1 0 0 0 0 0 0 0]
 [1 0 0 0 0 0 0 0 0 0 0 0]
 [0 0 0 0 0 0 0 0 0 0 1 0]
 [0 0 0 0 0 0 0 1 0 0 0 0]
 [0 0 0 1 0 0 0 0 0 0 0 0]
 [0 0 1 0 0 0 0 0 0 0 0 0]
 [0 0 0 0 0 0 0 0 1 0 0 0]
 [0 0 0 0 0 0 1 0 0 0 0 0]
 [0 0 0 0 0 0 0 0 0 0 0 1]] 

010000000000001000000000000000001000000000000001100000000000000000010000000000000010000100000000000000000100000000100000000001000000000010000000
-11.97010 Energy of solution
0 Number of Partitioned calls, 1 output sample 
 0.01500 seconds of classic cpu time
144 bits,  find Min, SubMatrix= 100, -a o, timeout=2592000.0 sec
001000000000000000001000000000000010000000000001100000000000000000100000000000010000000100000000010000000000000000000100000001000000000010000000
-11.97050 Energy of solution
1 Number of Partitioned calls, 2 output sample 
 0.02400 seconds of classic cpu time
144 bits,  find Min, SubMatrix= 100, -a o, timeout=2592000.0 sec
001000000000000000100000000000001000000000000001100000000000000000010000000000000010000100000000010000000000000000000100000001000000000010000000
-11.97090 Energy of solution
2 Number of Partitioned calls, 3 output sample 
 0.04200 seconds of classic cpu time
144 bits,  find Min, SubMatrix= 100, -a o, timeout=2592000.0 sec
001000000000000000001000000000100000000000000001100000000000000000000010000000010000000100000000010000000000000000000100000001000000000010000000
-11.97110 Energy of solution
4 Number of Partitioned calls, 4 output sample 
 0.06500 seconds of classic cpu time
144 bits,  find Min, SubMatrix= 100, -a o, timeout=2592000.0 sec
001000000000000000001000000000100000000000000001100000000000000000000010000000010000000100000000010000000000000000000100000001000000000010000000
-11.97110 Energy of solution
6 Number of Partitioned calls, 5 output sample 
 0.08600 seconds of classic cpu time

Objective =  [[578.]]
Constraints satisifed :  True
# Reads =  50
Time taken :  1.6894843578338623  sec

[[0 1 0 0 0 0 0 0 0 0 0 0]
 [0 0 0 0 0 0 0 0 0 1 0 0]
 [0 0 0 0 0 1 0 0 0 0 0 0]
 [0 0 0 0 1 0 0 0 0 0 0 0]
 [1 0 0 0 0 0 0 0 0 0 0 0]
 [0 0 0 0 0 0 0 0 0 0 1 0]
 [0 0 0 0 0 0 0 1 0 0 0 0]
 [0 0 0 1 0 0 0 0 0 0 0 0]
 [0 0 1 0 0 0 0 0 0 0 0 0]
 [0 0 0 0 0 0 0 0 1 0 0 0]
 [0 0 0 0 0 0 1 0 0 0 0 0]
 [0 0 0 0 0 0 0 0 0 0 0 1]] 

001000000000100000000000000000010000010000000000000000001000000000000010000000100000000000000100000000000001000100000000000001000000000010000000
-11.97010 Energy of solution
0 Number of Partitioned calls, 1 output sample 
 0.01600 seconds of classic cpu time
144 bits,  find Min, SubMatrix= 100, -a o, timeout=2592000.0 sec
000000000001000000010000000100000000000010000000000000001000000000100000000000000010000001000000001000000000100000000000010000000000000000000100
-11.97070 Energy of solution
1 Number of Partitioned calls, 2 output sample 
 0.04000 seconds of classic cpu time
144 bits,  find Min, SubMatrix= 100, -a o, timeout=2592000.0 sec
001000000000000000010000100000000000010000000000000000001000000000000010000000100000000000000100000000000001000100000000000001000000000010000000
-11.97070 Energy of solution
4 Number of Partitioned calls, 3 output sample 
 0.08100 seconds of classic cpu time
144 bits,  find Min, SubMatrix= 100, -a o, timeout=2592000.0 sec
001000000000000000001000000000100000000000000001100000000000000000000010000000010000000100000000010000000000000000000100000001000000000010000000
-11.97110 Energy of solution
6 Number of Partitioned calls, 4 output sample 
 0.11000 seconds of classic cpu time
144 bits,  find Min, SubMatrix= 100, -a o, timeout=2592000.0 sec
010000000000000000000100000001000000000010000000100000000000000000000010000000010000000100000000001000000000000000001000000000100000000000000001
-11.97110 Energy of solution
78 Number of Partitioned calls, 5 output sample 
 1.46700 seconds of classic cpu time
