
Objective =  [[112.]]
Constraints satisifed :  True
# Reads =  50
Time taken :  0.07779121398925781  sec

[[0 0 0 0 0 1 0]
 [0 0 0 0 0 0 1]
 [0 1 0 0 0 0 0]
 [0 0 1 0 0 0 0]
 [0 0 0 0 1 0 0]
 [0 0 0 1 0 0 0]
 [1 0 0 0 0 0 0]] 

0000010000010001000000010000000000100010001000000
-6.99440 Energy of solution
0 Number of Partitioned calls, 1 output sample 
 0.00300 seconds of classic cpu time
49 bits,  find Min, SubMatrix= 64, -a o, timeout=2592000.0 sec
0000010000000101000000010000000010000010001000000
-6.99440 Energy of solution
0 Number of Partitioned calls, 2 output sample 
 0.01100 seconds of classic cpu time
