
Objective =  [[214.]]
Constraints satisifed :  True
# Reads =  50
Time taken :  0.127685546875  sec

[[0 1 0 0 0 0 0 0]
 [1 0 0 0 0 0 0 0]
 [0 0 0 1 0 0 0 0]
 [0 0 0 0 1 0 0 0]
 [0 0 1 0 0 0 0 0]
 [0 0 0 0 0 0 0 1]
 [0 0 0 0 0 0 1 0]
 [0 0 0 0 0 1 0 0]]
0000001000010000000000010010000000000100000010001000000001000000
-7.98910 Energy of solution
0 Number of Partitioned calls, 1 output sample 
 0.00500 seconds of classic cpu time
64 bits,  find Min, SubMatrix= 64, -a o, timeout=2592000.0 sec
0010000000000001000000100000010001000000100000000001000000001000
-7.98930 Energy of solution
0 Number of Partitioned calls, 2 output sample 
 0.01400 seconds of classic cpu time
64 bits,  find Min, SubMatrix= 64, -a o, timeout=2592000.0 sec
0000100000010000100000000100000000000100000000100000000100100000
-7.98930 Energy of solution
0 Number of Partitioned calls, 3 output sample 
 0.05100 seconds of classic cpu time
64 bits,  find Min, SubMatrix= 64, -a o, timeout=2592000.0 sec
0100000010000000000100000000100000100000000000010000001000000100
-7.98930 Energy of solution
0 Number of Partitioned calls, 4 output sample 
 0.05400 seconds of classic cpu time
