
Objective =  [[214.]]
Constraints satisifed :  True
# Reads =  50
Time taken :  0.6044173240661621  sec

[[0 1 0 0 0 0 0 0]
 [1 0 0 0 0 0 0 0]
 [0 0 0 1 0 0 0 0]
 [0 0 0 0 1 0 0 0]
 [0 0 1 0 0 0 0 0]
 [0 0 0 0 0 0 0 1]
 [0 0 0 0 0 0 1 0]
 [0 0 0 0 0 1 0 0]]
0100000010000000000100000000100000100000000000010000001000000100
-7.98930 Energy of solution
0 Number of Partitioned calls, 1 output sample 
 0.00300 seconds of classic cpu time

Objective =  [[214.]]
Constraints satisifed :  True
# Reads =  50
Time taken :  0.6064071655273438  sec

[[0 1 0 0 0 0 0 0]
 [1 0 0 0 0 0 0 0]
 [0 0 0 1 0 0 0 0]
 [0 0 0 0 1 0 0 0]
 [0 0 1 0 0 0 0 0]
 [0 0 0 0 0 0 0 1]
 [0 0 0 0 0 0 1 0]
 [0 0 0 0 0 1 0 0]]
0100000000100000000000100000010010000000000000010001000000001000
-7.98890 Energy of solution
0 Number of Partitioned calls, 1 output sample 
 0.00300 seconds of classic cpu time
64 bits,  find Min, SubMatrix= 60, -a o, timeout=2592000.0 sec
0100000010000000000100000000100000100000000000010000001000000100
-7.98930 Energy of solution
1 Number of Partitioned calls, 2 output sample 
 0.01100 seconds of classic cpu time

Objective =  [[214.]]
Constraints satisifed :  True
# Reads =  50
Time taken :  0.6372990608215332  sec

[[0 1 0 0 0 0 0 0]
 [1 0 0 0 0 0 0 0]
 [0 0 0 1 0 0 0 0]
 [0 0 0 0 1 0 0 0]
 [0 0 1 0 0 0 0 0]
 [0 0 0 0 0 0 0 1]
 [0 0 0 0 0 0 1 0]
 [0 0 0 0 0 1 0 0]]
0010000000000001000000100000010001000000100000000001000000001000
-7.98930 Energy of solution
0 Number of Partitioned calls, 1 output sample 
 0.00500 seconds of classic cpu time
64 bits,  find Min, SubMatrix= 60, -a o, timeout=2592000.0 sec
0100000010000000000100000000100000100000000000010000001000000100
-7.98930 Energy of solution
5 Number of Partitioned calls, 2 output sample 
 0.03800 seconds of classic cpu time
